<?xml version="1.0" encoding="UTF-8"?>
<robot generator="Robot 4.1.2 (Python 3.10.0 on win32)" generated="20211110 17:13:55.056" rpa="false" schemaversion="2">
<suite id="s1" name="Login" source="C:\Users\walac\OneDrive\Documentos\Teachable\tests\login.robot">
<test id="s1-t1" name="Scenario 01: User logs in">
<kw name="Abrir navegador" library="Resource" type="SETUP">
<kw name="Open Browser" library="SeleniumLibrary">
<arg>about:blank</arg>
<arg>${BROWSER}</arg>
<doc>Opens a new browser instance to the optional ``url``.</doc>
<msg timestamp="20211110 17:13:55.262" level="INFO">Opening browser 'chrome' to base url 'about:blank'.</msg>
<status status="PASS" starttime="20211110 17:13:55.261" endtime="20211110 17:13:56.665"/>
</kw>
<kw name="Maximize Browser Window" library="SeleniumLibrary">
<doc>Maximizes current browser window.</doc>
<status status="PASS" starttime="20211110 17:13:56.666" endtime="20211110 17:13:56.786"/>
</kw>
<status status="PASS" starttime="20211110 17:13:55.261" endtime="20211110 17:13:56.787"/>
</kw>
<kw name="Given the user accessed the web page">
<kw name="Access the web page" library="Resource">
<kw name="Go To" library="SeleniumLibrary">
<arg>${URL}</arg>
<doc>Navigates the current browser window to the provided ``url``.</doc>
<msg timestamp="20211110 17:13:56.790" level="INFO">Opening url 'https://takehome.zeachable.com'</msg>
<status status="PASS" starttime="20211110 17:13:56.789" endtime="20211110 17:14:00.703"/>
</kw>
<kw name="Wait Until Element Is Visible" library="SeleniumLibrary">
<arg>xpath=//*[@id="navbar"]/div/div/a</arg>
<doc>Waits until the element ``locator`` is visible.</doc>
<status status="PASS" starttime="20211110 17:14:00.704" endtime="20211110 17:14:00.730"/>
</kw>
<kw name="Title Should Be" library="SeleniumLibrary">
<arg>Homepage | takehome</arg>
<doc>Verifies that the current page title equals ``title``.</doc>
<msg timestamp="20211110 17:14:00.734" level="INFO">Page title is 'Homepage | takehome'.</msg>
<status status="PASS" starttime="20211110 17:14:00.730" endtime="20211110 17:14:00.734"/>
</kw>
<status status="PASS" starttime="20211110 17:13:56.789" endtime="20211110 17:14:00.734"/>
</kw>
<status status="PASS" starttime="20211110 17:13:56.788" endtime="20211110 17:14:00.734"/>
</kw>
<kw name="And he tried to login with the credentials &quot;takehome@test.com&quot; and &quot;Teachable&quot;" sourcename="And he tried to login with the credentials &quot;${EMAIL}&quot; and &quot;${PASSWORD}&quot;">
<kw name="Go to login page" library="Resource">
<kw name="Click Element" library="SeleniumLibrary">
<arg>xpath=//a[@href ='/sign_in']</arg>
<doc>Click the element identified by ``locator``.</doc>
<msg timestamp="20211110 17:14:00.735" level="INFO">Clicking element 'xpath=//a[@href ='/sign_in']'.</msg>
<status status="PASS" starttime="20211110 17:14:00.735" endtime="20211110 17:14:00.779"/>
</kw>
<status status="PASS" starttime="20211110 17:14:00.735" endtime="20211110 17:14:00.779"/>
</kw>
<kw name="Type &quot;${EMAIL}&quot; and &quot;${PASSWORD}&quot; in login page" library="Resource" sourcename="Type &quot;${EMAIL}&quot; and &quot;${PASSWORD}&quot; in login page">
<kw name="Wait Until Element Is Visible" library="SeleniumLibrary">
<arg>name=email</arg>
<doc>Waits until the element ``locator`` is visible.</doc>
<status status="PASS" starttime="20211110 17:14:00.780" endtime="20211110 17:14:02.147"/>
</kw>
<kw name="Input Text" library="SeleniumLibrary">
<arg>name=email</arg>
<arg>${EMAIL}</arg>
<doc>Types the given ``text`` into the text field identified by ``locator``.</doc>
<msg timestamp="20211110 17:14:02.147" level="INFO">Typing text 'takehome@test.com' into text field 'name=email'.</msg>
<status status="PASS" starttime="20211110 17:14:02.147" endtime="20211110 17:14:02.261"/>
</kw>
<kw name="Input Text" library="SeleniumLibrary">
<arg>name=password</arg>
<arg>${PASSWORD}</arg>
<doc>Types the given ``text`` into the text field identified by ``locator``.</doc>
<msg timestamp="20211110 17:14:02.261" level="INFO">Typing text 'Teachable' into text field 'name=password'.</msg>
<status status="PASS" starttime="20211110 17:14:02.261" endtime="20211110 17:14:02.368"/>
</kw>
<status status="PASS" starttime="20211110 17:14:00.779" endtime="20211110 17:14:02.368"/>
</kw>
<status status="PASS" starttime="20211110 17:14:00.734" endtime="20211110 17:14:02.368"/>
</kw>
<kw name="When he triggers the submit button">
<kw name="Click on the submit button" library="Resource">
<kw name="Click Element" library="SeleniumLibrary">
<arg>name=commit</arg>
<doc>Click the element identified by ``locator``.</doc>
<msg timestamp="20211110 17:14:02.369" level="INFO">Clicking element 'name=commit'.</msg>
<status status="PASS" starttime="20211110 17:14:02.369" endtime="20211110 17:14:03.838"/>
</kw>
<status status="PASS" starttime="20211110 17:14:02.369" endtime="20211110 17:14:03.839"/>
</kw>
<status status="PASS" starttime="20211110 17:14:02.368" endtime="20211110 17:14:03.839"/>
</kw>
<kw name="Then the home page should be visible">
<kw name="Check if he is in the home page" library="Resource">
<kw name="Element Should Be Visible" library="SeleniumLibrary">
<arg>id=search-courses</arg>
<doc>Verifies that the element identified by ``locator`` is visible.</doc>
<msg timestamp="20211110 17:14:03.872" level="INFO">Element 'id=search-courses' is displayed.</msg>
<status status="PASS" starttime="20211110 17:14:03.840" endtime="20211110 17:14:03.872"/>
</kw>
<status status="PASS" starttime="20211110 17:14:03.840" endtime="20211110 17:14:03.872"/>
</kw>
<status status="PASS" starttime="20211110 17:14:03.840" endtime="20211110 17:14:03.872"/>
</kw>
<kw name="Close the browser" library="Resource" type="TEARDOWN">
<kw name="Close Browser" library="SeleniumLibrary">
<doc>Closes the current browser.</doc>
<status status="PASS" starttime="20211110 17:14:03.873" endtime="20211110 17:14:06.067"/>
</kw>
<status status="PASS" starttime="20211110 17:14:03.873" endtime="20211110 17:14:06.067"/>
</kw>
<status status="PASS" starttime="20211110 17:13:55.260" endtime="20211110 17:14:06.068"/>
</test>
<test id="s1-t2" name="Scenario 02: User tries to login with wrong email">
<kw name="Abrir navegador" library="Resource" type="SETUP">
<kw name="Open Browser" library="SeleniumLibrary">
<arg>about:blank</arg>
<arg>${BROWSER}</arg>
<doc>Opens a new browser instance to the optional ``url``.</doc>
<msg timestamp="20211110 17:14:06.071" level="INFO">Opening browser 'chrome' to base url 'about:blank'.</msg>
<status status="PASS" starttime="20211110 17:14:06.070" endtime="20211110 17:14:07.429"/>
</kw>
<kw name="Maximize Browser Window" library="SeleniumLibrary">
<doc>Maximizes current browser window.</doc>
<status status="PASS" starttime="20211110 17:14:07.429" endtime="20211110 17:14:07.549"/>
</kw>
<status status="PASS" starttime="20211110 17:14:06.070" endtime="20211110 17:14:07.549"/>
</kw>
<kw name="Given the user accessed the web page">
<kw name="Access the web page" library="Resource">
<kw name="Go To" library="SeleniumLibrary">
<arg>${URL}</arg>
<doc>Navigates the current browser window to the provided ``url``.</doc>
<msg timestamp="20211110 17:14:07.551" level="INFO">Opening url 'https://takehome.zeachable.com'</msg>
<status status="PASS" starttime="20211110 17:14:07.551" endtime="20211110 17:14:11.346"/>
</kw>
<kw name="Wait Until Element Is Visible" library="SeleniumLibrary">
<arg>xpath=//*[@id="navbar"]/div/div/a</arg>
<doc>Waits until the element ``locator`` is visible.</doc>
<status status="PASS" starttime="20211110 17:14:11.346" endtime="20211110 17:14:11.369"/>
</kw>
<kw name="Title Should Be" library="SeleniumLibrary">
<arg>Homepage | takehome</arg>
<doc>Verifies that the current page title equals ``title``.</doc>
<msg timestamp="20211110 17:14:11.372" level="INFO">Page title is 'Homepage | takehome'.</msg>
<status status="PASS" starttime="20211110 17:14:11.369" endtime="20211110 17:14:11.372"/>
</kw>
<status status="PASS" starttime="20211110 17:14:07.550" endtime="20211110 17:14:11.372"/>
</kw>
<status status="PASS" starttime="20211110 17:14:07.550" endtime="20211110 17:14:11.372"/>
</kw>
<kw name="And he tried to login with the credentials &quot;xxx@test.com&quot; and &quot;Teachable&quot;" sourcename="And he tried to login with the credentials &quot;${EMAIL}&quot; and &quot;${PASSWORD}&quot;">
<kw name="Go to login page" library="Resource">
<kw name="Click Element" library="SeleniumLibrary">
<arg>xpath=//a[@href ='/sign_in']</arg>
<doc>Click the element identified by ``locator``.</doc>
<msg timestamp="20211110 17:14:11.373" level="INFO">Clicking element 'xpath=//a[@href ='/sign_in']'.</msg>
<status status="PASS" starttime="20211110 17:14:11.373" endtime="20211110 17:14:11.422"/>
</kw>
<status status="PASS" starttime="20211110 17:14:11.373" endtime="20211110 17:14:11.422"/>
</kw>
<kw name="Type &quot;${EMAIL}&quot; and &quot;${PASSWORD}&quot; in login page" library="Resource" sourcename="Type &quot;${EMAIL}&quot; and &quot;${PASSWORD}&quot; in login page">
<kw name="Wait Until Element Is Visible" library="SeleniumLibrary">
<arg>name=email</arg>
<doc>Waits until the element ``locator`` is visible.</doc>
<status status="PASS" starttime="20211110 17:14:11.423" endtime="20211110 17:14:12.448"/>
</kw>
<kw name="Input Text" library="SeleniumLibrary">
<arg>name=email</arg>
<arg>${EMAIL}</arg>
<doc>Types the given ``text`` into the text field identified by ``locator``.</doc>
<msg timestamp="20211110 17:14:12.448" level="INFO">Typing text 'xxx@test.com' into text field 'name=email'.</msg>
<status status="PASS" starttime="20211110 17:14:12.448" endtime="20211110 17:14:12.561"/>
</kw>
<kw name="Input Text" library="SeleniumLibrary">
<arg>name=password</arg>
<arg>${PASSWORD}</arg>
<doc>Types the given ``text`` into the text field identified by ``locator``.</doc>
<msg timestamp="20211110 17:14:12.562" level="INFO">Typing text 'Teachable' into text field 'name=password'.</msg>
<status status="PASS" starttime="20211110 17:14:12.562" endtime="20211110 17:14:12.672"/>
</kw>
<status status="PASS" starttime="20211110 17:14:11.422" endtime="20211110 17:14:12.672"/>
</kw>
<status status="PASS" starttime="20211110 17:14:11.373" endtime="20211110 17:14:12.672"/>
</kw>
<kw name="When he triggers the submit button">
<kw name="Click on the submit button" library="Resource">
<kw name="Click Element" library="SeleniumLibrary">
<arg>name=commit</arg>
<doc>Click the element identified by ``locator``.</doc>
<msg timestamp="20211110 17:14:12.673" level="INFO">Clicking element 'name=commit'.</msg>
<status status="PASS" starttime="20211110 17:14:12.673" endtime="20211110 17:14:13.078"/>
</kw>
<status status="PASS" starttime="20211110 17:14:12.673" endtime="20211110 17:14:13.078"/>
</kw>
<status status="PASS" starttime="20211110 17:14:12.672" endtime="20211110 17:14:13.078"/>
</kw>
<kw name="Then the home page should not be visible">
<kw name="Check if he is not in the home page" library="Resource">
<kw name="Element Should Not Be Visible" library="SeleniumLibrary">
<arg>id=search-courses</arg>
<doc>Verifies that the element identified by ``locator`` is NOT visible.</doc>
<msg timestamp="20211110 17:14:13.101" level="INFO">Element 'id=search-courses' did not exist.</msg>
<status status="PASS" starttime="20211110 17:14:13.082" endtime="20211110 17:14:13.101"/>
</kw>
<status status="PASS" starttime="20211110 17:14:13.082" endtime="20211110 17:14:13.101"/>
</kw>
<status status="PASS" starttime="20211110 17:14:13.080" endtime="20211110 17:14:13.101"/>
</kw>
<kw name="And an error message should be displayed">
<kw name="Check if an error message was displayed" library="Resource">
<kw name="Element Text Should Be" library="SeleniumLibrary">
<arg>xpath=/html/body/main/div/div</arg>
<arg>Your email or password is incorrect.</arg>
<doc>Verifies that element ``locator`` contains exact the text ``expected``.</doc>
<msg timestamp="20211110 17:14:13.103" level="INFO">Verifying element 'xpath=/html/body/main/div/div' contains exact text 'Your email or password is incorrect.'.</msg>
<status status="PASS" starttime="20211110 17:14:13.102" endtime="20211110 17:14:13.134"/>
</kw>
<status status="PASS" starttime="20211110 17:14:13.102" endtime="20211110 17:14:13.134"/>
</kw>
<status status="PASS" starttime="20211110 17:14:13.102" endtime="20211110 17:14:13.134"/>
</kw>
<kw name="Close the browser" library="Resource" type="TEARDOWN">
<kw name="Close Browser" library="SeleniumLibrary">
<doc>Closes the current browser.</doc>
<status status="PASS" starttime="20211110 17:14:13.137" endtime="20211110 17:14:15.348"/>
</kw>
<status status="PASS" starttime="20211110 17:14:13.136" endtime="20211110 17:14:15.348"/>
</kw>
<status status="PASS" starttime="20211110 17:14:06.069" endtime="20211110 17:14:15.349"/>
</test>
<test id="s1-t3" name="Scenario 03: User tries to login with wrong password">
<kw name="Abrir navegador" library="Resource" type="SETUP">
<kw name="Open Browser" library="SeleniumLibrary">
<arg>about:blank</arg>
<arg>${BROWSER}</arg>
<doc>Opens a new browser instance to the optional ``url``.</doc>
<msg timestamp="20211110 17:14:15.352" level="INFO">Opening browser 'chrome' to base url 'about:blank'.</msg>
<status status="PASS" starttime="20211110 17:14:15.352" endtime="20211110 17:14:16.745"/>
</kw>
<kw name="Maximize Browser Window" library="SeleniumLibrary">
<doc>Maximizes current browser window.</doc>
<status status="PASS" starttime="20211110 17:14:16.745" endtime="20211110 17:14:16.872"/>
</kw>
<status status="PASS" starttime="20211110 17:14:15.351" endtime="20211110 17:14:16.873"/>
</kw>
<kw name="Given the user accessed the web page">
<kw name="Access the web page" library="Resource">
<kw name="Go To" library="SeleniumLibrary">
<arg>${URL}</arg>
<doc>Navigates the current browser window to the provided ``url``.</doc>
<msg timestamp="20211110 17:14:16.875" level="INFO">Opening url 'https://takehome.zeachable.com'</msg>
<status status="PASS" starttime="20211110 17:14:16.875" endtime="20211110 17:14:21.671"/>
</kw>
<kw name="Wait Until Element Is Visible" library="SeleniumLibrary">
<arg>xpath=//*[@id="navbar"]/div/div/a</arg>
<doc>Waits until the element ``locator`` is visible.</doc>
<status status="PASS" starttime="20211110 17:14:21.671" endtime="20211110 17:14:21.699"/>
</kw>
<kw name="Title Should Be" library="SeleniumLibrary">
<arg>Homepage | takehome</arg>
<doc>Verifies that the current page title equals ``title``.</doc>
<msg timestamp="20211110 17:14:21.705" level="INFO">Page title is 'Homepage | takehome'.</msg>
<status status="PASS" starttime="20211110 17:14:21.699" endtime="20211110 17:14:21.706"/>
</kw>
<status status="PASS" starttime="20211110 17:14:16.874" endtime="20211110 17:14:21.706"/>
</kw>
<status status="PASS" starttime="20211110 17:14:16.874" endtime="20211110 17:14:21.706"/>
</kw>
<kw name="And he tried to login with the credentials &quot;takehome@test.com&quot; and &quot;TeachXable&quot;" sourcename="And he tried to login with the credentials &quot;${EMAIL}&quot; and &quot;${PASSWORD}&quot;">
<kw name="Go to login page" library="Resource">
<kw name="Click Element" library="SeleniumLibrary">
<arg>xpath=//a[@href ='/sign_in']</arg>
<doc>Click the element identified by ``locator``.</doc>
<msg timestamp="20211110 17:14:21.708" level="INFO">Clicking element 'xpath=//a[@href ='/sign_in']'.</msg>
<status status="PASS" starttime="20211110 17:14:21.707" endtime="20211110 17:14:21.759"/>
</kw>
<status status="PASS" starttime="20211110 17:14:21.707" endtime="20211110 17:14:21.759"/>
</kw>
<kw name="Type &quot;${EMAIL}&quot; and &quot;${PASSWORD}&quot; in login page" library="Resource" sourcename="Type &quot;${EMAIL}&quot; and &quot;${PASSWORD}&quot; in login page">
<kw name="Wait Until Element Is Visible" library="SeleniumLibrary">
<arg>name=email</arg>
<doc>Waits until the element ``locator`` is visible.</doc>
<status status="PASS" starttime="20211110 17:14:21.760" endtime="20211110 17:14:22.825"/>
</kw>
<kw name="Input Text" library="SeleniumLibrary">
<arg>name=email</arg>
<arg>${EMAIL}</arg>
<doc>Types the given ``text`` into the text field identified by ``locator``.</doc>
<msg timestamp="20211110 17:14:22.826" level="INFO">Typing text 'takehome@test.com' into text field 'name=email'.</msg>
<status status="PASS" starttime="20211110 17:14:22.825" endtime="20211110 17:14:22.940"/>
</kw>
<kw name="Input Text" library="SeleniumLibrary">
<arg>name=password</arg>
<arg>${PASSWORD}</arg>
<doc>Types the given ``text`` into the text field identified by ``locator``.</doc>
<msg timestamp="20211110 17:14:22.941" level="INFO">Typing text 'TeachXable' into text field 'name=password'.</msg>
<status status="PASS" starttime="20211110 17:14:22.940" endtime="20211110 17:14:23.049"/>
</kw>
<status status="PASS" starttime="20211110 17:14:21.759" endtime="20211110 17:14:23.049"/>
</kw>
<status status="PASS" starttime="20211110 17:14:21.706" endtime="20211110 17:14:23.049"/>
</kw>
<kw name="When he triggers the submit button">
<kw name="Click on the submit button" library="Resource">
<kw name="Click Element" library="SeleniumLibrary">
<arg>name=commit</arg>
<doc>Click the element identified by ``locator``.</doc>
<msg timestamp="20211110 17:14:23.051" level="INFO">Clicking element 'name=commit'.</msg>
<status status="PASS" starttime="20211110 17:14:23.050" endtime="20211110 17:14:23.512"/>
</kw>
<status status="PASS" starttime="20211110 17:14:23.050" endtime="20211110 17:14:23.513"/>
</kw>
<status status="PASS" starttime="20211110 17:14:23.050" endtime="20211110 17:14:23.513"/>
</kw>
<kw name="Then the home page should not be visible">
<kw name="Check if he is not in the home page" library="Resource">
<kw name="Element Should Not Be Visible" library="SeleniumLibrary">
<arg>id=search-courses</arg>
<doc>Verifies that the element identified by ``locator`` is NOT visible.</doc>
<msg timestamp="20211110 17:14:23.533" level="INFO">Element 'id=search-courses' did not exist.</msg>
<status status="PASS" starttime="20211110 17:14:23.516" endtime="20211110 17:14:23.533"/>
</kw>
<status status="PASS" starttime="20211110 17:14:23.516" endtime="20211110 17:14:23.533"/>
</kw>
<status status="PASS" starttime="20211110 17:14:23.514" endtime="20211110 17:14:23.533"/>
</kw>
<kw name="And an error message should be displayed">
<kw name="Check if an error message was displayed" library="Resource">
<kw name="Element Text Should Be" library="SeleniumLibrary">
<arg>xpath=/html/body/main/div/div</arg>
<arg>Your email or password is incorrect.</arg>
<doc>Verifies that element ``locator`` contains exact the text ``expected``.</doc>
<msg timestamp="20211110 17:14:23.535" level="INFO">Verifying element 'xpath=/html/body/main/div/div' contains exact text 'Your email or password is incorrect.'.</msg>
<status status="PASS" starttime="20211110 17:14:23.534" endtime="20211110 17:14:23.567"/>
</kw>
<status status="PASS" starttime="20211110 17:14:23.534" endtime="20211110 17:14:23.567"/>
</kw>
<status status="PASS" starttime="20211110 17:14:23.534" endtime="20211110 17:14:23.567"/>
</kw>
<kw name="Close the browser" library="Resource" type="TEARDOWN">
<kw name="Close Browser" library="SeleniumLibrary">
<doc>Closes the current browser.</doc>
<status status="PASS" starttime="20211110 17:14:23.567" endtime="20211110 17:14:25.813"/>
</kw>
<status status="PASS" starttime="20211110 17:14:23.567" endtime="20211110 17:14:25.814"/>
</kw>
<status status="PASS" starttime="20211110 17:14:15.350" endtime="20211110 17:14:25.815"/>
</test>
<test id="s1-t4" name="Scenario 04: User tries to login with wrong email and password">
<kw name="Abrir navegador" library="Resource" type="SETUP">
<kw name="Open Browser" library="SeleniumLibrary">
<arg>about:blank</arg>
<arg>${BROWSER}</arg>
<doc>Opens a new browser instance to the optional ``url``.</doc>
<msg timestamp="20211110 17:14:25.822" level="INFO">Opening browser 'chrome' to base url 'about:blank'.</msg>
<status status="PASS" starttime="20211110 17:14:25.821" endtime="20211110 17:14:27.207"/>
</kw>
<kw name="Maximize Browser Window" library="SeleniumLibrary">
<doc>Maximizes current browser window.</doc>
<status status="PASS" starttime="20211110 17:14:27.208" endtime="20211110 17:14:27.335"/>
</kw>
<status status="PASS" starttime="20211110 17:14:25.820" endtime="20211110 17:14:27.336"/>
</kw>
<kw name="Given the user accessed the web page">
<kw name="Access the web page" library="Resource">
<kw name="Go To" library="SeleniumLibrary">
<arg>${URL}</arg>
<doc>Navigates the current browser window to the provided ``url``.</doc>
<msg timestamp="20211110 17:14:27.337" level="INFO">Opening url 'https://takehome.zeachable.com'</msg>
<status status="PASS" starttime="20211110 17:14:27.337" endtime="20211110 17:14:36.174"/>
</kw>
<kw name="Wait Until Element Is Visible" library="SeleniumLibrary">
<arg>xpath=//*[@id="navbar"]/div/div/a</arg>
<doc>Waits until the element ``locator`` is visible.</doc>
<status status="PASS" starttime="20211110 17:14:36.175" endtime="20211110 17:14:36.205"/>
</kw>
<kw name="Title Should Be" library="SeleniumLibrary">
<arg>Homepage | takehome</arg>
<doc>Verifies that the current page title equals ``title``.</doc>
<msg timestamp="20211110 17:14:36.210" level="INFO">Page title is 'Homepage | takehome'.</msg>
<status status="PASS" starttime="20211110 17:14:36.205" endtime="20211110 17:14:36.210"/>
</kw>
<status status="PASS" starttime="20211110 17:14:27.336" endtime="20211110 17:14:36.210"/>
</kw>
<status status="PASS" starttime="20211110 17:14:27.336" endtime="20211110 17:14:36.210"/>
</kw>
<kw name="And he tried to login with the credentials &quot;xxx@test.com&quot; and &quot;TeachXable&quot;" sourcename="And he tried to login with the credentials &quot;${EMAIL}&quot; and &quot;${PASSWORD}&quot;">
<kw name="Go to login page" library="Resource">
<kw name="Click Element" library="SeleniumLibrary">
<arg>xpath=//a[@href ='/sign_in']</arg>
<doc>Click the element identified by ``locator``.</doc>
<msg timestamp="20211110 17:14:36.212" level="INFO">Clicking element 'xpath=//a[@href ='/sign_in']'.</msg>
<status status="PASS" starttime="20211110 17:14:36.212" endtime="20211110 17:14:36.267"/>
</kw>
<status status="PASS" starttime="20211110 17:14:36.211" endtime="20211110 17:14:36.267"/>
</kw>
<kw name="Type &quot;${EMAIL}&quot; and &quot;${PASSWORD}&quot; in login page" library="Resource" sourcename="Type &quot;${EMAIL}&quot; and &quot;${PASSWORD}&quot; in login page">
<kw name="Wait Until Element Is Visible" library="SeleniumLibrary">
<arg>name=email</arg>
<doc>Waits until the element ``locator`` is visible.</doc>
<status status="PASS" starttime="20211110 17:14:36.268" endtime="20211110 17:14:37.841"/>
</kw>
<kw name="Input Text" library="SeleniumLibrary">
<arg>name=email</arg>
<arg>${EMAIL}</arg>
<doc>Types the given ``text`` into the text field identified by ``locator``.</doc>
<msg timestamp="20211110 17:14:37.841" level="INFO">Typing text 'xxx@test.com' into text field 'name=email'.</msg>
<status status="PASS" starttime="20211110 17:14:37.841" endtime="20211110 17:14:37.946"/>
</kw>
<kw name="Input Text" library="SeleniumLibrary">
<arg>name=password</arg>
<arg>${PASSWORD}</arg>
<doc>Types the given ``text`` into the text field identified by ``locator``.</doc>
<msg timestamp="20211110 17:14:37.947" level="INFO">Typing text 'TeachXable' into text field 'name=password'.</msg>
<status status="PASS" starttime="20211110 17:14:37.946" endtime="20211110 17:14:38.057"/>
</kw>
<status status="PASS" starttime="20211110 17:14:36.267" endtime="20211110 17:14:38.057"/>
</kw>
<status status="PASS" starttime="20211110 17:14:36.211" endtime="20211110 17:14:38.057"/>
</kw>
<kw name="When he triggers the submit button">
<kw name="Click on the submit button" library="Resource">
<kw name="Click Element" library="SeleniumLibrary">
<arg>name=commit</arg>
<doc>Click the element identified by ``locator``.</doc>
<msg timestamp="20211110 17:14:38.059" level="INFO">Clicking element 'name=commit'.</msg>
<status status="PASS" starttime="20211110 17:14:38.058" endtime="20211110 17:14:38.570"/>
</kw>
<status status="PASS" starttime="20211110 17:14:38.058" endtime="20211110 17:14:38.570"/>
</kw>
<status status="PASS" starttime="20211110 17:14:38.058" endtime="20211110 17:14:38.571"/>
</kw>
<kw name="Then the home page should not be visible">
<kw name="Check if he is not in the home page" library="Resource">
<kw name="Element Should Not Be Visible" library="SeleniumLibrary">
<arg>id=search-courses</arg>
<doc>Verifies that the element identified by ``locator`` is NOT visible.</doc>
<msg timestamp="20211110 17:14:38.592" level="INFO">Element 'id=search-courses' did not exist.</msg>
<status status="PASS" starttime="20211110 17:14:38.573" endtime="20211110 17:14:38.592"/>
</kw>
<status status="PASS" starttime="20211110 17:14:38.573" endtime="20211110 17:14:38.592"/>
</kw>
<status status="PASS" starttime="20211110 17:14:38.572" endtime="20211110 17:14:38.593"/>
</kw>
<kw name="And an error message should be displayed">
<kw name="Check if an error message was displayed" library="Resource">
<kw name="Element Text Should Be" library="SeleniumLibrary">
<arg>xpath=/html/body/main/div/div</arg>
<arg>Your email or password is incorrect.</arg>
<doc>Verifies that element ``locator`` contains exact the text ``expected``.</doc>
<msg timestamp="20211110 17:14:38.594" level="INFO">Verifying element 'xpath=/html/body/main/div/div' contains exact text 'Your email or password is incorrect.'.</msg>
<status status="PASS" starttime="20211110 17:14:38.594" endtime="20211110 17:14:38.624"/>
</kw>
<status status="PASS" starttime="20211110 17:14:38.594" endtime="20211110 17:14:38.625"/>
</kw>
<status status="PASS" starttime="20211110 17:14:38.593" endtime="20211110 17:14:38.625"/>
</kw>
<kw name="Close the browser" library="Resource" type="TEARDOWN">
<kw name="Close Browser" library="SeleniumLibrary">
<doc>Closes the current browser.</doc>
<status status="PASS" starttime="20211110 17:14:38.626" endtime="20211110 17:14:40.825"/>
</kw>
<status status="PASS" starttime="20211110 17:14:38.626" endtime="20211110 17:14:40.826"/>
</kw>
<status status="PASS" starttime="20211110 17:14:25.819" endtime="20211110 17:14:40.827"/>
</test>
<test id="s1-t5" name="Scenario 05: User signs up">
<kw name="Abrir navegador" library="Resource" type="SETUP">
<kw name="Open Browser" library="SeleniumLibrary">
<arg>about:blank</arg>
<arg>${BROWSER}</arg>
<doc>Opens a new browser instance to the optional ``url``.</doc>
<msg timestamp="20211110 17:14:40.834" level="INFO">Opening browser 'chrome' to base url 'about:blank'.</msg>
<status status="PASS" starttime="20211110 17:14:40.834" endtime="20211110 17:14:42.210"/>
</kw>
<kw name="Maximize Browser Window" library="SeleniumLibrary">
<doc>Maximizes current browser window.</doc>
<status status="PASS" starttime="20211110 17:14:42.210" endtime="20211110 17:14:42.342"/>
</kw>
<status status="PASS" starttime="20211110 17:14:40.834" endtime="20211110 17:14:42.342"/>
</kw>
<kw name="Given the user accessed the web page">
<kw name="Access the web page" library="Resource">
<kw name="Go To" library="SeleniumLibrary">
<arg>${URL}</arg>
<doc>Navigates the current browser window to the provided ``url``.</doc>
<msg timestamp="20211110 17:14:42.345" level="INFO">Opening url 'https://takehome.zeachable.com'</msg>
<status status="PASS" starttime="20211110 17:14:42.345" endtime="20211110 17:14:46.302"/>
</kw>
<kw name="Wait Until Element Is Visible" library="SeleniumLibrary">
<arg>xpath=//*[@id="navbar"]/div/div/a</arg>
<doc>Waits until the element ``locator`` is visible.</doc>
<status status="PASS" starttime="20211110 17:14:46.303" endtime="20211110 17:14:46.331"/>
</kw>
<kw name="Title Should Be" library="SeleniumLibrary">
<arg>Homepage | takehome</arg>
<doc>Verifies that the current page title equals ``title``.</doc>
<msg timestamp="20211110 17:14:46.334" level="INFO">Page title is 'Homepage | takehome'.</msg>
<status status="PASS" starttime="20211110 17:14:46.331" endtime="20211110 17:14:46.334"/>
</kw>
<status status="PASS" starttime="20211110 17:14:42.344" endtime="20211110 17:14:46.335"/>
</kw>
<status status="PASS" starttime="20211110 17:14:42.343" endtime="20211110 17:14:46.335"/>
</kw>
<kw name="And he tried to signup with the credentials &quot;Walace Santos&quot;, &quot;walace30@test.com&quot; and &quot;Teste123&quot;" sourcename="And he tried to signup with the credentials &quot;${NAME}&quot;, &quot;${EMAIL}&quot; and &quot;${PASSWORD}&quot;">
<kw name="Go to signup page" library="Resource">
<kw name="Click Element" library="SeleniumLibrary">
<arg>id=header-sign-up-btn</arg>
<doc>Click the element identified by ``locator``.</doc>
<msg timestamp="20211110 17:14:46.336" level="INFO">Clicking element 'id=header-sign-up-btn'.</msg>
<status status="PASS" starttime="20211110 17:14:46.336" endtime="20211110 17:14:46.387"/>
</kw>
<status status="PASS" starttime="20211110 17:14:46.336" endtime="20211110 17:14:46.388"/>
</kw>
<kw name="Type &quot;${NAME}&quot;, &quot;${EMAIL}&quot; and &quot;${PASSWORD}&quot; in signup page" library="Resource" sourcename="Type &quot;${NAME}&quot;, &quot;${EMAIL}&quot; and &quot;${PASSWORD}&quot; in signup page">
<kw name="Wait Until Element Is Visible" library="SeleniumLibrary">
<arg>id=user_name</arg>
<doc>Waits until the element ``locator`` is visible.</doc>
<status status="PASS" starttime="20211110 17:14:46.388" endtime="20211110 17:14:47.631"/>
</kw>
<kw name="Input Text" library="SeleniumLibrary">
<arg>id=user_name</arg>
<arg>${NAME}</arg>
<doc>Types the given ``text`` into the text field identified by ``locator``.</doc>
<msg timestamp="20211110 17:14:47.632" level="INFO">Typing text 'Walace Santos' into text field 'id=user_name'.</msg>
<status status="PASS" starttime="20211110 17:14:47.631" endtime="20211110 17:14:47.727"/>
</kw>
<kw name="Input Text" library="SeleniumLibrary">
<arg>id=user_email</arg>
<arg>${EMAIL}</arg>
<doc>Types the given ``text`` into the text field identified by ``locator``.</doc>
<msg timestamp="20211110 17:14:47.727" level="INFO">Typing text 'walace30@test.com' into text field 'id=user_email'.</msg>
<status status="PASS" starttime="20211110 17:14:47.727" endtime="20211110 17:14:47.840"/>
</kw>
<kw name="Input Text" library="SeleniumLibrary">
<arg>id=password</arg>
<arg>${PASSWORD}</arg>
<doc>Types the given ``text`` into the text field identified by ``locator``.</doc>
<msg timestamp="20211110 17:14:47.840" level="INFO">Typing text 'Teste123' into text field 'id=password'.</msg>
<status status="PASS" starttime="20211110 17:14:47.840" endtime="20211110 17:14:47.948"/>
</kw>
<status status="PASS" starttime="20211110 17:14:46.388" endtime="20211110 17:14:47.949"/>
</kw>
<status status="PASS" starttime="20211110 17:14:46.335" endtime="20211110 17:14:47.949"/>
</kw>
<kw name="When he triggers the submit button">
<kw name="Click on the submit button" library="Resource">
<kw name="Click Element" library="SeleniumLibrary">
<arg>name=commit</arg>
<doc>Click the element identified by ``locator``.</doc>
<msg timestamp="20211110 17:14:47.950" level="INFO">Clicking element 'name=commit'.</msg>
<status status="PASS" starttime="20211110 17:14:47.950" endtime="20211110 17:14:49.412"/>
</kw>
<status status="PASS" starttime="20211110 17:14:47.950" endtime="20211110 17:14:49.413"/>
</kw>
<status status="PASS" starttime="20211110 17:14:47.950" endtime="20211110 17:14:49.413"/>
</kw>
<kw name="Then the home page should be visible">
<kw name="Check if he is in the home page" library="Resource">
<kw name="Element Should Be Visible" library="SeleniumLibrary">
<arg>id=search-courses</arg>
<doc>Verifies that the element identified by ``locator`` is visible.</doc>
<msg timestamp="20211110 17:14:49.443" level="INFO">Element 'id=search-courses' is displayed.</msg>
<status status="PASS" starttime="20211110 17:14:49.414" endtime="20211110 17:14:49.443"/>
</kw>
<status status="PASS" starttime="20211110 17:14:49.414" endtime="20211110 17:14:49.444"/>
</kw>
<status status="PASS" starttime="20211110 17:14:49.413" endtime="20211110 17:14:49.444"/>
</kw>
<kw name="Close the browser" library="Resource" type="TEARDOWN">
<kw name="Close Browser" library="SeleniumLibrary">
<doc>Closes the current browser.</doc>
<status status="PASS" starttime="20211110 17:14:49.444" endtime="20211110 17:14:51.614"/>
</kw>
<status status="PASS" starttime="20211110 17:14:49.444" endtime="20211110 17:14:51.615"/>
</kw>
<status status="PASS" starttime="20211110 17:14:40.833" endtime="20211110 17:14:51.615"/>
</test>
<test id="s1-t6" name="Scenario 05: User tries to signup with invalid email">
<kw name="Abrir navegador" library="Resource" type="SETUP">
<kw name="Open Browser" library="SeleniumLibrary">
<arg>about:blank</arg>
<arg>${BROWSER}</arg>
<doc>Opens a new browser instance to the optional ``url``.</doc>
<msg timestamp="20211110 17:14:51.621" level="INFO">Opening browser 'chrome' to base url 'about:blank'.</msg>
<status status="PASS" starttime="20211110 17:14:51.621" endtime="20211110 17:14:52.966"/>
</kw>
<kw name="Maximize Browser Window" library="SeleniumLibrary">
<doc>Maximizes current browser window.</doc>
<status status="PASS" starttime="20211110 17:14:52.966" endtime="20211110 17:14:53.099"/>
</kw>
<status status="PASS" starttime="20211110 17:14:51.620" endtime="20211110 17:14:53.099"/>
</kw>
<kw name="Given the user accessed the web page">
<kw name="Access the web page" library="Resource">
<kw name="Go To" library="SeleniumLibrary">
<arg>${URL}</arg>
<doc>Navigates the current browser window to the provided ``url``.</doc>
<msg timestamp="20211110 17:14:53.105" level="INFO">Opening url 'https://takehome.zeachable.com'</msg>
<status status="PASS" starttime="20211110 17:14:53.104" endtime="20211110 17:14:56.993"/>
</kw>
<kw name="Wait Until Element Is Visible" library="SeleniumLibrary">
<arg>xpath=//*[@id="navbar"]/div/div/a</arg>
<doc>Waits until the element ``locator`` is visible.</doc>
<status status="PASS" starttime="20211110 17:14:56.993" endtime="20211110 17:14:57.019"/>
</kw>
<kw name="Title Should Be" library="SeleniumLibrary">
<arg>Homepage | takehome</arg>
<doc>Verifies that the current page title equals ``title``.</doc>
<msg timestamp="20211110 17:14:57.026" level="INFO">Page title is 'Homepage | takehome'.</msg>
<status status="PASS" starttime="20211110 17:14:57.019" endtime="20211110 17:14:57.026"/>
</kw>
<status status="PASS" starttime="20211110 17:14:53.102" endtime="20211110 17:14:57.026"/>
</kw>
<status status="PASS" starttime="20211110 17:14:53.101" endtime="20211110 17:14:57.026"/>
</kw>
<kw name="And he tried to signup with the credentials &quot;Walace Santos&quot;, &quot;walace6@test&quot; and &quot;Teste123&quot;" sourcename="And he tried to signup with the credentials &quot;${NAME}&quot;, &quot;${EMAIL}&quot; and &quot;${PASSWORD}&quot;">
<kw name="Go to signup page" library="Resource">
<kw name="Click Element" library="SeleniumLibrary">
<arg>id=header-sign-up-btn</arg>
<doc>Click the element identified by ``locator``.</doc>
<msg timestamp="20211110 17:14:57.028" level="INFO">Clicking element 'id=header-sign-up-btn'.</msg>
<status status="PASS" starttime="20211110 17:14:57.027" endtime="20211110 17:14:57.076"/>
</kw>
<status status="PASS" starttime="20211110 17:14:57.027" endtime="20211110 17:14:57.077"/>
</kw>
<kw name="Type &quot;${NAME}&quot;, &quot;${EMAIL}&quot; and &quot;${PASSWORD}&quot; in signup page" library="Resource" sourcename="Type &quot;${NAME}&quot;, &quot;${EMAIL}&quot; and &quot;${PASSWORD}&quot; in signup page">
<kw name="Wait Until Element Is Visible" library="SeleniumLibrary">
<arg>id=user_name</arg>
<doc>Waits until the element ``locator`` is visible.</doc>
<status status="PASS" starttime="20211110 17:14:57.077" endtime="20211110 17:14:58.757"/>
</kw>
<kw name="Input Text" library="SeleniumLibrary">
<arg>id=user_name</arg>
<arg>${NAME}</arg>
<doc>Types the given ``text`` into the text field identified by ``locator``.</doc>
<msg timestamp="20211110 17:14:58.758" level="INFO">Typing text 'Walace Santos' into text field 'id=user_name'.</msg>
<status status="PASS" starttime="20211110 17:14:58.758" endtime="20211110 17:14:58.851"/>
</kw>
<kw name="Input Text" library="SeleniumLibrary">
<arg>id=user_email</arg>
<arg>${EMAIL}</arg>
<doc>Types the given ``text`` into the text field identified by ``locator``.</doc>
<msg timestamp="20211110 17:14:58.851" level="INFO">Typing text 'walace6@test' into text field 'id=user_email'.</msg>
<status status="PASS" starttime="20211110 17:14:58.851" endtime="20211110 17:14:58.962"/>
</kw>
<kw name="Input Text" library="SeleniumLibrary">
<arg>id=password</arg>
<arg>${PASSWORD}</arg>
<doc>Types the given ``text`` into the text field identified by ``locator``.</doc>
<msg timestamp="20211110 17:14:58.963" level="INFO">Typing text 'Teste123' into text field 'id=password'.</msg>
<status status="PASS" starttime="20211110 17:14:58.963" endtime="20211110 17:14:59.074"/>
</kw>
<status status="PASS" starttime="20211110 17:14:57.077" endtime="20211110 17:14:59.075"/>
</kw>
<status status="PASS" starttime="20211110 17:14:57.027" endtime="20211110 17:14:59.075"/>
</kw>
<kw name="When he triggers the submit button">
<kw name="Click on the submit button" library="Resource">
<kw name="Click Element" library="SeleniumLibrary">
<arg>name=commit</arg>
<doc>Click the element identified by ``locator``.</doc>
<msg timestamp="20211110 17:14:59.077" level="INFO">Clicking element 'name=commit'.</msg>
<status status="PASS" starttime="20211110 17:14:59.076" endtime="20211110 17:14:59.576"/>
</kw>
<status status="PASS" starttime="20211110 17:14:59.076" endtime="20211110 17:14:59.576"/>
</kw>
<status status="PASS" starttime="20211110 17:14:59.076" endtime="20211110 17:14:59.576"/>
</kw>
<kw name="Then the home page should not be visible">
<kw name="Check if he is not in the home page" library="Resource">
<kw name="Element Should Not Be Visible" library="SeleniumLibrary">
<arg>id=search-courses</arg>
<doc>Verifies that the element identified by ``locator`` is NOT visible.</doc>
<msg timestamp="20211110 17:14:59.597" level="INFO">Element 'id=search-courses' did not exist.</msg>
<status status="PASS" starttime="20211110 17:14:59.578" endtime="20211110 17:14:59.598"/>
</kw>
<status status="PASS" starttime="20211110 17:14:59.578" endtime="20211110 17:14:59.598"/>
</kw>
<status status="PASS" starttime="20211110 17:14:59.577" endtime="20211110 17:14:59.598"/>
</kw>
<kw name="And an error message should be displayed related to invalid email">
<kw name="Check if an error message was displayed related to invalid email" library="Resource">
<kw name="Element Text Should Be" library="SeleniumLibrary">
<arg>xpath=/html/body/main/div/div/ul/li</arg>
<arg>Email is invalid</arg>
<doc>Verifies that element ``locator`` contains exact the text ``expected``.</doc>
<msg timestamp="20211110 17:14:59.599" level="INFO">Verifying element 'xpath=/html/body/main/div/div/ul/li' contains exact text 'Email is invalid'.</msg>
<status status="PASS" starttime="20211110 17:14:59.599" endtime="20211110 17:14:59.635"/>
</kw>
<status status="PASS" starttime="20211110 17:14:59.599" endtime="20211110 17:14:59.635"/>
</kw>
<status status="PASS" starttime="20211110 17:14:59.599" endtime="20211110 17:14:59.635"/>
</kw>
<kw name="Close the browser" library="Resource" type="TEARDOWN">
<kw name="Close Browser" library="SeleniumLibrary">
<doc>Closes the current browser.</doc>
<status status="PASS" starttime="20211110 17:14:59.637" endtime="20211110 17:15:01.839"/>
</kw>
<status status="PASS" starttime="20211110 17:14:59.636" endtime="20211110 17:15:01.839"/>
</kw>
<status status="PASS" starttime="20211110 17:14:51.618" endtime="20211110 17:15:01.840"/>
</test>
<test id="s1-t7" name="Scenario 07: User tries to signup with invalid password">
<kw name="Abrir navegador" library="Resource" type="SETUP">
<kw name="Open Browser" library="SeleniumLibrary">
<arg>about:blank</arg>
<arg>${BROWSER}</arg>
<doc>Opens a new browser instance to the optional ``url``.</doc>
<msg timestamp="20211110 17:15:01.842" level="INFO">Opening browser 'chrome' to base url 'about:blank'.</msg>
<status status="PASS" starttime="20211110 17:15:01.842" endtime="20211110 17:15:03.202"/>
</kw>
<kw name="Maximize Browser Window" library="SeleniumLibrary">
<doc>Maximizes current browser window.</doc>
<status status="PASS" starttime="20211110 17:15:03.202" endtime="20211110 17:15:03.322"/>
</kw>
<status status="PASS" starttime="20211110 17:15:01.842" endtime="20211110 17:15:03.322"/>
</kw>
<kw name="Given the user accessed the web page">
<kw name="Access the web page" library="Resource">
<kw name="Go To" library="SeleniumLibrary">
<arg>${URL}</arg>
<doc>Navigates the current browser window to the provided ``url``.</doc>
<msg timestamp="20211110 17:15:03.323" level="INFO">Opening url 'https://takehome.zeachable.com'</msg>
<status status="PASS" starttime="20211110 17:15:03.323" endtime="20211110 17:15:07.270"/>
</kw>
<kw name="Wait Until Element Is Visible" library="SeleniumLibrary">
<arg>xpath=//*[@id="navbar"]/div/div/a</arg>
<doc>Waits until the element ``locator`` is visible.</doc>
<status status="PASS" starttime="20211110 17:15:07.270" endtime="20211110 17:15:07.291"/>
</kw>
<kw name="Title Should Be" library="SeleniumLibrary">
<arg>Homepage | takehome</arg>
<doc>Verifies that the current page title equals ``title``.</doc>
<msg timestamp="20211110 17:15:07.295" level="INFO">Page title is 'Homepage | takehome'.</msg>
<status status="PASS" starttime="20211110 17:15:07.292" endtime="20211110 17:15:07.295"/>
</kw>
<status status="PASS" starttime="20211110 17:15:03.323" endtime="20211110 17:15:07.295"/>
</kw>
<status status="PASS" starttime="20211110 17:15:03.323" endtime="20211110 17:15:07.295"/>
</kw>
<kw name="And he tried to signup with the credentials &quot;Walace Santos&quot;, &quot;walace6@test.com&quot; and &quot;123&quot;" sourcename="And he tried to signup with the credentials &quot;${NAME}&quot;, &quot;${EMAIL}&quot; and &quot;${PASSWORD}&quot;">
<kw name="Go to signup page" library="Resource">
<kw name="Click Element" library="SeleniumLibrary">
<arg>id=header-sign-up-btn</arg>
<doc>Click the element identified by ``locator``.</doc>
<msg timestamp="20211110 17:15:07.296" level="INFO">Clicking element 'id=header-sign-up-btn'.</msg>
<status status="PASS" starttime="20211110 17:15:07.296" endtime="20211110 17:15:07.348"/>
</kw>
<status status="PASS" starttime="20211110 17:15:07.296" endtime="20211110 17:15:07.348"/>
</kw>
<kw name="Type &quot;${NAME}&quot;, &quot;${EMAIL}&quot; and &quot;${PASSWORD}&quot; in signup page" library="Resource" sourcename="Type &quot;${NAME}&quot;, &quot;${EMAIL}&quot; and &quot;${PASSWORD}&quot; in signup page">
<kw name="Wait Until Element Is Visible" library="SeleniumLibrary">
<arg>id=user_name</arg>
<doc>Waits until the element ``locator`` is visible.</doc>
<status status="PASS" starttime="20211110 17:15:07.349" endtime="20211110 17:15:09.018"/>
</kw>
<kw name="Input Text" library="SeleniumLibrary">
<arg>id=user_name</arg>
<arg>${NAME}</arg>
<doc>Types the given ``text`` into the text field identified by ``locator``.</doc>
<msg timestamp="20211110 17:15:09.019" level="INFO">Typing text 'Walace Santos' into text field 'id=user_name'.</msg>
<status status="PASS" starttime="20211110 17:15:09.018" endtime="20211110 17:15:09.112"/>
</kw>
<kw name="Input Text" library="SeleniumLibrary">
<arg>id=user_email</arg>
<arg>${EMAIL}</arg>
<doc>Types the given ``text`` into the text field identified by ``locator``.</doc>
<msg timestamp="20211110 17:15:09.113" level="INFO">Typing text 'walace6@test.com' into text field 'id=user_email'.</msg>
<status status="PASS" starttime="20211110 17:15:09.113" endtime="20211110 17:15:09.226"/>
</kw>
<kw name="Input Text" library="SeleniumLibrary">
<arg>id=password</arg>
<arg>${PASSWORD}</arg>
<doc>Types the given ``text`` into the text field identified by ``locator``.</doc>
<msg timestamp="20211110 17:15:09.226" level="INFO">Typing text '123' into text field 'id=password'.</msg>
<status status="PASS" starttime="20211110 17:15:09.226" endtime="20211110 17:15:09.325"/>
</kw>
<status status="PASS" starttime="20211110 17:15:07.349" endtime="20211110 17:15:09.326"/>
</kw>
<status status="PASS" starttime="20211110 17:15:07.296" endtime="20211110 17:15:09.326"/>
</kw>
<kw name="When he triggers the submit button">
<kw name="Click on the submit button" library="Resource">
<kw name="Click Element" library="SeleniumLibrary">
<arg>name=commit</arg>
<doc>Click the element identified by ``locator``.</doc>
<msg timestamp="20211110 17:15:09.328" level="INFO">Clicking element 'name=commit'.</msg>
<status status="PASS" starttime="20211110 17:15:09.327" endtime="20211110 17:15:09.754"/>
</kw>
<status status="PASS" starttime="20211110 17:15:09.327" endtime="20211110 17:15:09.754"/>
</kw>
<status status="PASS" starttime="20211110 17:15:09.326" endtime="20211110 17:15:09.754"/>
</kw>
<kw name="Then the home page should not be visible">
<kw name="Check if he is not in the home page" library="Resource">
<kw name="Element Should Not Be Visible" library="SeleniumLibrary">
<arg>id=search-courses</arg>
<doc>Verifies that the element identified by ``locator`` is NOT visible.</doc>
<msg timestamp="20211110 17:15:09.774" level="INFO">Element 'id=search-courses' did not exist.</msg>
<status status="PASS" starttime="20211110 17:15:09.755" endtime="20211110 17:15:09.774"/>
</kw>
<status status="PASS" starttime="20211110 17:15:09.755" endtime="20211110 17:15:09.775"/>
</kw>
<status status="PASS" starttime="20211110 17:15:09.755" endtime="20211110 17:15:09.775"/>
</kw>
<kw name="And an error message should be displayed related to invalid password">
<msg timestamp="20211110 17:15:09.779" level="FAIL">No keyword with name 'And an error message should be displayed related to invalid password' found. Did you mean:
    And An Error Message Should Be Displayed Related To Invalid Email</msg>
<status status="FAIL" starttime="20211110 17:15:09.779" endtime="20211110 17:15:09.779"/>
</kw>
<kw name="Close the browser" library="Resource" type="TEARDOWN">
<kw name="Close Browser" library="SeleniumLibrary">
<doc>Closes the current browser.</doc>
<status status="PASS" starttime="20211110 17:15:09.779" endtime="20211110 17:15:11.954"/>
</kw>
<status status="PASS" starttime="20211110 17:15:09.779" endtime="20211110 17:15:11.955"/>
</kw>
<status status="FAIL" starttime="20211110 17:15:01.841" endtime="20211110 17:15:11.955">No keyword with name 'And an error message should be displayed related to invalid password' found. Did you mean:
    And An Error Message Should Be Displayed Related To Invalid Email</status>
</test>
<test id="s1-t8" name="Scenario 08: User tries to signup with email already registered">
<kw name="Abrir navegador" library="Resource" type="SETUP">
<kw name="Open Browser" library="SeleniumLibrary">
<arg>about:blank</arg>
<arg>${BROWSER}</arg>
<doc>Opens a new browser instance to the optional ``url``.</doc>
<msg timestamp="20211110 17:15:11.959" level="INFO">Opening browser 'chrome' to base url 'about:blank'.</msg>
<status status="PASS" starttime="20211110 17:15:11.959" endtime="20211110 17:15:13.338"/>
</kw>
<kw name="Maximize Browser Window" library="SeleniumLibrary">
<doc>Maximizes current browser window.</doc>
<status status="PASS" starttime="20211110 17:15:13.338" endtime="20211110 17:15:13.469"/>
</kw>
<status status="PASS" starttime="20211110 17:15:11.958" endtime="20211110 17:15:13.470"/>
</kw>
<kw name="Given the user accessed the web page">
<kw name="Access the web page" library="Resource">
<kw name="Go To" library="SeleniumLibrary">
<arg>${URL}</arg>
<doc>Navigates the current browser window to the provided ``url``.</doc>
<msg timestamp="20211110 17:15:13.476" level="INFO">Opening url 'https://takehome.zeachable.com'</msg>
<status status="PASS" starttime="20211110 17:15:13.475" endtime="20211110 17:15:18.113"/>
</kw>
<kw name="Wait Until Element Is Visible" library="SeleniumLibrary">
<arg>xpath=//*[@id="navbar"]/div/div/a</arg>
<doc>Waits until the element ``locator`` is visible.</doc>
<status status="PASS" starttime="20211110 17:15:18.113" endtime="20211110 17:15:18.139"/>
</kw>
<kw name="Title Should Be" library="SeleniumLibrary">
<arg>Homepage | takehome</arg>
<doc>Verifies that the current page title equals ``title``.</doc>
<msg timestamp="20211110 17:15:18.144" level="INFO">Page title is 'Homepage | takehome'.</msg>
<status status="PASS" starttime="20211110 17:15:18.139" endtime="20211110 17:15:18.144"/>
</kw>
<status status="PASS" starttime="20211110 17:15:13.473" endtime="20211110 17:15:18.145"/>
</kw>
<status status="PASS" starttime="20211110 17:15:13.472" endtime="20211110 17:15:18.145"/>
</kw>
<kw name="And he tried to signup with the credentials &quot;take home&quot;, &quot;takehome@test.com&quot; and &quot;Teachable&quot;" sourcename="And he tried to signup with the credentials &quot;${NAME}&quot;, &quot;${EMAIL}&quot; and &quot;${PASSWORD}&quot;">
<kw name="Go to signup page" library="Resource">
<kw name="Click Element" library="SeleniumLibrary">
<arg>id=header-sign-up-btn</arg>
<doc>Click the element identified by ``locator``.</doc>
<msg timestamp="20211110 17:15:18.148" level="INFO">Clicking element 'id=header-sign-up-btn'.</msg>
<status status="PASS" starttime="20211110 17:15:18.147" endtime="20211110 17:15:18.203"/>
</kw>
<status status="PASS" starttime="20211110 17:15:18.147" endtime="20211110 17:15:18.203"/>
</kw>
<kw name="Type &quot;${NAME}&quot;, &quot;${EMAIL}&quot; and &quot;${PASSWORD}&quot; in signup page" library="Resource" sourcename="Type &quot;${NAME}&quot;, &quot;${EMAIL}&quot; and &quot;${PASSWORD}&quot; in signup page">
<kw name="Wait Until Element Is Visible" library="SeleniumLibrary">
<arg>id=user_name</arg>
<doc>Waits until the element ``locator`` is visible.</doc>
<status status="PASS" starttime="20211110 17:15:18.204" endtime="20211110 17:15:19.400"/>
</kw>
<kw name="Input Text" library="SeleniumLibrary">
<arg>id=user_name</arg>
<arg>${NAME}</arg>
<doc>Types the given ``text`` into the text field identified by ``locator``.</doc>
<msg timestamp="20211110 17:15:19.400" level="INFO">Typing text 'take home' into text field 'id=user_name'.</msg>
<status status="PASS" starttime="20211110 17:15:19.400" endtime="20211110 17:15:19.496"/>
</kw>
<kw name="Input Text" library="SeleniumLibrary">
<arg>id=user_email</arg>
<arg>${EMAIL}</arg>
<doc>Types the given ``text`` into the text field identified by ``locator``.</doc>
<msg timestamp="20211110 17:15:19.497" level="INFO">Typing text 'takehome@test.com' into text field 'id=user_email'.</msg>
<status status="PASS" starttime="20211110 17:15:19.496" endtime="20211110 17:15:19.609"/>
</kw>
<kw name="Input Text" library="SeleniumLibrary">
<arg>id=password</arg>
<arg>${PASSWORD}</arg>
<doc>Types the given ``text`` into the text field identified by ``locator``.</doc>
<msg timestamp="20211110 17:15:19.610" level="INFO">Typing text 'Teachable' into text field 'id=password'.</msg>
<status status="PASS" starttime="20211110 17:15:19.609" endtime="20211110 17:15:19.724"/>
</kw>
<status status="PASS" starttime="20211110 17:15:18.203" endtime="20211110 17:15:19.724"/>
</kw>
<status status="PASS" starttime="20211110 17:15:18.146" endtime="20211110 17:15:19.724"/>
</kw>
<kw name="When he triggers the submit button">
<kw name="Click on the submit button" library="Resource">
<kw name="Click Element" library="SeleniumLibrary">
<arg>name=commit</arg>
<doc>Click the element identified by ``locator``.</doc>
<msg timestamp="20211110 17:15:19.726" level="INFO">Clicking element 'name=commit'.</msg>
<status status="PASS" starttime="20211110 17:15:19.725" endtime="20211110 17:15:20.201"/>
</kw>
<status status="PASS" starttime="20211110 17:15:19.725" endtime="20211110 17:15:20.201"/>
</kw>
<status status="PASS" starttime="20211110 17:15:19.725" endtime="20211110 17:15:20.201"/>
</kw>
<kw name="Then the home page should not be visible">
<kw name="Check if he is not in the home page" library="Resource">
<kw name="Element Should Not Be Visible" library="SeleniumLibrary">
<arg>id=search-courses</arg>
<doc>Verifies that the element identified by ``locator`` is NOT visible.</doc>
<msg timestamp="20211110 17:15:20.221" level="INFO">Element 'id=search-courses' did not exist.</msg>
<status status="PASS" starttime="20211110 17:15:20.203" endtime="20211110 17:15:20.222"/>
</kw>
<status status="PASS" starttime="20211110 17:15:20.202" endtime="20211110 17:15:20.222"/>
</kw>
<status status="PASS" starttime="20211110 17:15:20.202" endtime="20211110 17:15:20.222"/>
</kw>
<kw name="And an error message should be displayed related to duplicated email">
<kw name="Check if an error message was displayed related to duplicated email" library="Resource">
<kw name="Element Text Should Be" library="SeleniumLibrary">
<arg>xpath=/html/body/main/div/div</arg>
<arg>Email is already in use. Please log in to your account.</arg>
<doc>Verifies that element ``locator`` contains exact the text ``expected``.</doc>
<msg timestamp="20211110 17:15:20.223" level="INFO">Verifying element 'xpath=/html/body/main/div/div' contains exact text 'Email is already in use. Please log in to your account.'.</msg>
<status status="PASS" starttime="20211110 17:15:20.223" endtime="20211110 17:15:20.260"/>
</kw>
<status status="PASS" starttime="20211110 17:15:20.223" endtime="20211110 17:15:20.260"/>
</kw>
<status status="PASS" starttime="20211110 17:15:20.223" endtime="20211110 17:15:20.260"/>
</kw>
<kw name="Close the browser" library="Resource" type="TEARDOWN">
<kw name="Close Browser" library="SeleniumLibrary">
<doc>Closes the current browser.</doc>
<status status="PASS" starttime="20211110 17:15:20.261" endtime="20211110 17:15:22.496"/>
</kw>
<status status="PASS" starttime="20211110 17:15:20.261" endtime="20211110 17:15:22.496"/>
</kw>
<status status="PASS" starttime="20211110 17:15:11.958" endtime="20211110 17:15:22.497"/>
</test>
<test id="s1-t9" name="Scenario 09: User signs up, logout and login">
<kw name="Abrir navegador" library="Resource" type="SETUP">
<kw name="Open Browser" library="SeleniumLibrary">
<arg>about:blank</arg>
<arg>${BROWSER}</arg>
<doc>Opens a new browser instance to the optional ``url``.</doc>
<msg timestamp="20211110 17:15:22.500" level="INFO">Opening browser 'chrome' to base url 'about:blank'.</msg>
<status status="PASS" starttime="20211110 17:15:22.500" endtime="20211110 17:15:23.894"/>
</kw>
<kw name="Maximize Browser Window" library="SeleniumLibrary">
<doc>Maximizes current browser window.</doc>
<status status="PASS" starttime="20211110 17:15:23.894" endtime="20211110 17:15:24.026"/>
</kw>
<status status="PASS" starttime="20211110 17:15:22.500" endtime="20211110 17:15:24.027"/>
</kw>
<kw name="Given the user accessed the web page">
<kw name="Access the web page" library="Resource">
<kw name="Go To" library="SeleniumLibrary">
<arg>${URL}</arg>
<doc>Navigates the current browser window to the provided ``url``.</doc>
<msg timestamp="20211110 17:15:24.030" level="INFO">Opening url 'https://takehome.zeachable.com'</msg>
<status status="PASS" starttime="20211110 17:15:24.029" endtime="20211110 17:15:27.864"/>
</kw>
<kw name="Wait Until Element Is Visible" library="SeleniumLibrary">
<arg>xpath=//*[@id="navbar"]/div/div/a</arg>
<doc>Waits until the element ``locator`` is visible.</doc>
<status status="PASS" starttime="20211110 17:15:27.865" endtime="20211110 17:15:27.892"/>
</kw>
<kw name="Title Should Be" library="SeleniumLibrary">
<arg>Homepage | takehome</arg>
<doc>Verifies that the current page title equals ``title``.</doc>
<msg timestamp="20211110 17:15:27.895" level="INFO">Page title is 'Homepage | takehome'.</msg>
<status status="PASS" starttime="20211110 17:15:27.892" endtime="20211110 17:15:27.895"/>
</kw>
<status status="PASS" starttime="20211110 17:15:24.029" endtime="20211110 17:15:27.895"/>
</kw>
<status status="PASS" starttime="20211110 17:15:24.028" endtime="20211110 17:15:27.896"/>
</kw>
<kw name="And he tried to signup with the credentials &quot;Walace Santos&quot;, &quot;walace20@test.com&quot; and &quot;Teste123&quot;" sourcename="And he tried to signup with the credentials &quot;${NAME}&quot;, &quot;${EMAIL}&quot; and &quot;${PASSWORD}&quot;">
<kw name="Go to signup page" library="Resource">
<kw name="Click Element" library="SeleniumLibrary">
<arg>id=header-sign-up-btn</arg>
<doc>Click the element identified by ``locator``.</doc>
<msg timestamp="20211110 17:15:27.897" level="INFO">Clicking element 'id=header-sign-up-btn'.</msg>
<status status="PASS" starttime="20211110 17:15:27.897" endtime="20211110 17:15:27.947"/>
</kw>
<status status="PASS" starttime="20211110 17:15:27.896" endtime="20211110 17:15:27.947"/>
</kw>
<kw name="Type &quot;${NAME}&quot;, &quot;${EMAIL}&quot; and &quot;${PASSWORD}&quot; in signup page" library="Resource" sourcename="Type &quot;${NAME}&quot;, &quot;${EMAIL}&quot; and &quot;${PASSWORD}&quot; in signup page">
<kw name="Wait Until Element Is Visible" library="SeleniumLibrary">
<arg>id=user_name</arg>
<doc>Waits until the element ``locator`` is visible.</doc>
<status status="PASS" starttime="20211110 17:15:27.948" endtime="20211110 17:15:29.069"/>
</kw>
<kw name="Input Text" library="SeleniumLibrary">
<arg>id=user_name</arg>
<arg>${NAME}</arg>
<doc>Types the given ``text`` into the text field identified by ``locator``.</doc>
<msg timestamp="20211110 17:15:29.071" level="INFO">Typing text 'Walace Santos' into text field 'id=user_name'.</msg>
<status status="PASS" starttime="20211110 17:15:29.070" endtime="20211110 17:15:29.169"/>
</kw>
<kw name="Input Text" library="SeleniumLibrary">
<arg>id=user_email</arg>
<arg>${EMAIL}</arg>
<doc>Types the given ``text`` into the text field identified by ``locator``.</doc>
<msg timestamp="20211110 17:15:29.170" level="INFO">Typing text 'walace20@test.com' into text field 'id=user_email'.</msg>
<status status="PASS" starttime="20211110 17:15:29.169" endtime="20211110 17:15:29.280"/>
</kw>
<kw name="Input Text" library="SeleniumLibrary">
<arg>id=password</arg>
<arg>${PASSWORD}</arg>
<doc>Types the given ``text`` into the text field identified by ``locator``.</doc>
<msg timestamp="20211110 17:15:29.281" level="INFO">Typing text 'Teste123' into text field 'id=password'.</msg>
<status status="PASS" starttime="20211110 17:15:29.280" endtime="20211110 17:15:29.391"/>
</kw>
<status status="PASS" starttime="20211110 17:15:27.947" endtime="20211110 17:15:29.392"/>
</kw>
<status status="PASS" starttime="20211110 17:15:27.896" endtime="20211110 17:15:29.392"/>
</kw>
<kw name="When he triggers the submit button">
<kw name="Click on the submit button" library="Resource">
<kw name="Click Element" library="SeleniumLibrary">
<arg>name=commit</arg>
<doc>Click the element identified by ``locator``.</doc>
<msg timestamp="20211110 17:15:29.393" level="INFO">Clicking element 'name=commit'.</msg>
<status status="PASS" starttime="20211110 17:15:29.393" endtime="20211110 17:15:31.359"/>
</kw>
<status status="PASS" starttime="20211110 17:15:29.393" endtime="20211110 17:15:31.359"/>
</kw>
<status status="PASS" starttime="20211110 17:15:29.393" endtime="20211110 17:15:31.359"/>
</kw>
<kw name="And he finishes the signup, he logout and login with credentials &quot;walace10@test.com&quot; and &quot;Teste123&quot;" sourcename="And he finishes the signup, he logout and login with credentials &quot;${EMAIL}&quot; and &quot;${PASSWORD}&quot;">
<kw name="Check if he is in the home page" library="Resource">
<kw name="Element Should Be Visible" library="SeleniumLibrary">
<arg>id=search-courses</arg>
<doc>Verifies that the element identified by ``locator`` is visible.</doc>
<msg timestamp="20211110 17:15:31.387" level="INFO">Element 'id=search-courses' is displayed.</msg>
<status status="PASS" starttime="20211110 17:15:31.361" endtime="20211110 17:15:31.387"/>
</kw>
<status status="PASS" starttime="20211110 17:15:31.361" endtime="20211110 17:15:31.387"/>
</kw>
<kw name="Do the logout" library="Resource">
<kw name="Click Element" library="SeleniumLibrary">
<arg>xpath=//a[@href ='#']</arg>
<doc>Click the element identified by ``locator``.</doc>
<msg timestamp="20211110 17:15:31.388" level="INFO">Clicking element 'xpath=//a[@href ='#']'.</msg>
<status status="PASS" starttime="20211110 17:15:31.387" endtime="20211110 17:15:31.451"/>
</kw>
<kw name="Click Element" library="SeleniumLibrary">
<arg>xpath=//a[@href ='/sign_out']</arg>
<doc>Click the element identified by ``locator``.</doc>
<msg timestamp="20211110 17:15:31.451" level="INFO">Clicking element 'xpath=//a[@href ='/sign_out']'.</msg>
<status status="PASS" starttime="20211110 17:15:31.451" endtime="20211110 17:15:33.039"/>
</kw>
<status status="PASS" starttime="20211110 17:15:31.387" endtime="20211110 17:15:33.039"/>
</kw>
<kw name="Go to login page" library="Resource">
<kw name="Click Element" library="SeleniumLibrary">
<arg>xpath=//a[@href ='/sign_in']</arg>
<doc>Click the element identified by ``locator``.</doc>
<msg timestamp="20211110 17:15:33.040" level="INFO">Clicking element 'xpath=//a[@href ='/sign_in']'.</msg>
<status status="PASS" starttime="20211110 17:15:33.040" endtime="20211110 17:15:33.102"/>
</kw>
<status status="PASS" starttime="20211110 17:15:33.039" endtime="20211110 17:15:33.103"/>
</kw>
<kw name="Type &quot;${EMAIL}&quot; and &quot;${PASSWORD}&quot; in login page" library="Resource" sourcename="Type &quot;${EMAIL}&quot; and &quot;${PASSWORD}&quot; in login page">
<kw name="Wait Until Element Is Visible" library="SeleniumLibrary">
<arg>name=email</arg>
<doc>Waits until the element ``locator`` is visible.</doc>
<status status="PASS" starttime="20211110 17:15:33.103" endtime="20211110 17:15:33.914"/>
</kw>
<kw name="Input Text" library="SeleniumLibrary">
<arg>name=email</arg>
<arg>${EMAIL}</arg>
<doc>Types the given ``text`` into the text field identified by ``locator``.</doc>
<msg timestamp="20211110 17:15:33.915" level="INFO">Typing text 'walace10@test.com' into text field 'name=email'.</msg>
<status status="PASS" starttime="20211110 17:15:33.914" endtime="20211110 17:15:34.004"/>
</kw>
<kw name="Input Text" library="SeleniumLibrary">
<arg>name=password</arg>
<arg>${PASSWORD}</arg>
<doc>Types the given ``text`` into the text field identified by ``locator``.</doc>
<msg timestamp="20211110 17:15:34.005" level="INFO">Typing text 'Teste123' into text field 'name=password'.</msg>
<status status="PASS" starttime="20211110 17:15:34.005" endtime="20211110 17:15:34.110"/>
</kw>
<status status="PASS" starttime="20211110 17:15:33.103" endtime="20211110 17:15:34.110"/>
</kw>
<kw name="Click on the submit button" library="Resource">
<kw name="Click Element" library="SeleniumLibrary">
<arg>name=commit</arg>
<doc>Click the element identified by ``locator``.</doc>
<msg timestamp="20211110 17:15:34.111" level="INFO">Clicking element 'name=commit'.</msg>
<status status="PASS" starttime="20211110 17:15:34.111" endtime="20211110 17:15:35.375"/>
</kw>
<status status="PASS" starttime="20211110 17:15:34.110" endtime="20211110 17:15:35.376"/>
</kw>
<status status="PASS" starttime="20211110 17:15:31.360" endtime="20211110 17:15:35.376"/>
</kw>
<kw name="Then the home page should be visible">
<kw name="Check if he is in the home page" library="Resource">
<kw name="Element Should Be Visible" library="SeleniumLibrary">
<arg>id=search-courses</arg>
<doc>Verifies that the element identified by ``locator`` is visible.</doc>
<msg timestamp="20211110 17:15:35.401" level="INFO">Element 'id=search-courses' is displayed.</msg>
<status status="PASS" starttime="20211110 17:15:35.378" endtime="20211110 17:15:35.401"/>
</kw>
<status status="PASS" starttime="20211110 17:15:35.377" endtime="20211110 17:15:35.401"/>
</kw>
<status status="PASS" starttime="20211110 17:15:35.377" endtime="20211110 17:15:35.401"/>
</kw>
<kw name="Close the browser" library="Resource" type="TEARDOWN">
<kw name="Close Browser" library="SeleniumLibrary">
<doc>Closes the current browser.</doc>
<status status="PASS" starttime="20211110 17:15:35.402" endtime="20211110 17:15:37.631"/>
</kw>
<status status="PASS" starttime="20211110 17:15:35.402" endtime="20211110 17:15:37.632"/>
</kw>
<status status="PASS" starttime="20211110 17:15:22.499" endtime="20211110 17:15:37.633"/>
</test>
<status status="FAIL" starttime="20211110 17:13:55.058" endtime="20211110 17:15:37.637"/>
</suite>
<statistics>
<total>
<stat pass="8" fail="1" skip="0">All Tests</stat>
</total>
<tag>
</tag>
<suite>
<stat pass="8" fail="1" skip="0" id="s1" name="Login">Login</stat>
</suite>
</statistics>
<errors>
</errors>
</robot>
